Command line invocation:
    /Applications/Xcode.app/Contents/Developer/usr/bin/xcodebuild clean build -workspace SonarDemo.xcworkspace -scheme SonarDemo -destination "platform=iOS Simulator,name=iPhone 11 Pro Max,OS=13.4" -destination-timeout 360 COMPILER_INDEX_STORE_ENABLE=NO

Build settings from command line:
    COMPILER_INDEX_STORE_ENABLE = NO

note: Using new build system
note: Building targets in parallel

** CLEAN SUCCEEDED **

note: Using new build system
note: Building targets in parallel
note: Planning build
note: Constructing build description
CreateBuildDirectory /Users/saleh/Library/Developer/Xcode/DerivedData/SonarDemo-ghxmzfhugimyqfffspckisqhfgve/Build/Products (in target 'SonarDemo' from project 'SonarDemo')
    cd /Users/saleh/Desktop/SonarDemo
    builtin-create-build-directory /Users/saleh/Library/Developer/Xcode/DerivedData/SonarDemo-ghxmzfhugimyqfffspckisqhfgve/Build/Products

CreateBuildDirectory /Users/saleh/Library/Developer/Xcode/DerivedData/SonarDemo-ghxmzfhugimyqfffspckisqhfgve/Build/Intermediates.noindex (in target 'SonarDemo' from project 'SonarDemo')
    cd /Users/saleh/Desktop/SonarDemo
    builtin-create-build-directory /Users/saleh/Library/Developer/Xcode/DerivedData/SonarDemo-ghxmzfhugimyqfffspckisqhfgve/Build/Intermediates.noindex

MkDir /Users/saleh/Library/Developer/Xcode/DerivedData/SonarDemo-ghxmzfhugimyqfffspckisqhfgve/Build/Products/Debug-iphonesimulator/SonarDemo.app (in target 'SonarDemo' from project 'SonarDemo')
    cd /Users/saleh/Desktop/SonarDemo
    /bin/mkdir -p /Users/saleh/Library/Developer/Xcode/DerivedData/SonarDemo-ghxmzfhugimyqfffspckisqhfgve/Build/Products/Debug-iphonesimulator/SonarDemo.app

MkDir /Users/saleh/Library/Developer/Xcode/DerivedData/SonarDemo-ghxmzfhugimyqfffspckisqhfgve/Build/Products/Debug-iphonesimulator/Pods_SonarDemo.framework (in target 'Pods-SonarDemo' from project 'Pods')
    cd /Users/saleh/Desktop/SonarDemo/Pods
    /bin/mkdir -p /Users/saleh/Library/Developer/Xcode/DerivedData/SonarDemo-ghxmzfhugimyqfffspckisqhfgve/Build/Products/Debug-iphonesimulator/Pods_SonarDemo.framework

MkDir /Users/saleh/Library/Developer/Xcode/DerivedData/SonarDemo-ghxmzfhugimyqfffspckisqhfgve/Build/Products/Debug-iphonesimulator/Pods_SonarDemo.framework/Headers (in target 'Pods-SonarDemo' from project 'Pods')
    cd /Users/saleh/Desktop/SonarDemo/Pods
    /bin/mkdir -p /Users/saleh/Library/Developer/Xcode/DerivedData/SonarDemo-ghxmzfhugimyqfffspckisqhfgve/Build/Products/Debug-iphonesimulator/Pods_SonarDemo.framework/Headers

WriteAuxiliaryFile /Users/saleh/Library/Developer/Xcode/DerivedData/SonarDemo-ghxmzfhugimyqfffspckisqhfgve/Build/Intermediates.noindex/Pods.build/Debug-iphonesimulator/Pods-SonarDemo.build/Pods_SonarDemo.hmap (in target 'Pods-SonarDemo' from project 'Pods')
    cd /Users/saleh/Desktop/SonarDemo/Pods
    write-file /Users/saleh/Library/Developer/Xcode/DerivedData/SonarDemo-ghxmzfhugimyqfffspckisqhfgve/Build/Intermediates.noindex/Pods.build/Debug-iphonesimulator/Pods-SonarDemo.build/Pods_SonarDemo.hmap

WriteAuxiliaryFile /Users/saleh/Library/Developer/Xcode/DerivedData/SonarDemo-ghxmzfhugimyqfffspckisqhfgve/Build/Intermediates.noindex/Pods.build/Debug-iphonesimulator/Pods-SonarDemo.build/Pods_SonarDemo-project-headers.hmap (in target 'Pods-SonarDemo' from project 'Pods')
    cd /Users/saleh/Desktop/SonarDemo/Pods
    write-file /Users/saleh/Library/Developer/Xcode/DerivedData/SonarDemo-ghxmzfhugimyqfffspckisqhfgve/Build/Intermediates.noindex/Pods.build/Debug-iphonesimulator/Pods-SonarDemo.build/Pods_SonarDemo-project-headers.hmap

WriteAuxiliaryFile /Users/saleh/Library/Developer/Xcode/DerivedData/SonarDemo-ghxmzfhugimyqfffspckisqhfgve/Build/Intermediates.noindex/Pods.build/Debug-iphonesimulator/Pods-SonarDemo.build/Pods_SonarDemo-own-target-headers.hmap (in target 'Pods-SonarDemo' from project 'Pods')
    cd /Users/saleh/Desktop/SonarDemo/Pods
    write-file /Users/saleh/Library/Developer/Xcode/DerivedData/SonarDemo-ghxmzfhugimyqfffspckisqhfgve/Build/Intermediates.noindex/Pods.build/Debug-iphonesimulator/Pods-SonarDemo.build/Pods_SonarDemo-own-target-headers.hmap

WriteAuxiliaryFile /Users/saleh/Library/Developer/Xcode/DerivedData/SonarDemo-ghxmzfhugimyqfffspckisqhfgve/Build/Intermediates.noindex/Pods.build/Debug-iphonesimulator/Pods-SonarDemo.build/all-product-headers.yaml (in target 'Pods-SonarDemo' from project 'Pods')
    cd /Users/saleh/Desktop/SonarDemo/Pods
    write-file /Users/saleh/Library/Developer/Xcode/DerivedData/SonarDemo-ghxmzfhugimyqfffspckisqhfgve/Build/Intermediates.noindex/Pods.build/Debug-iphonesimulator/Pods-SonarDemo.build/all-product-headers.yaml

WriteAuxiliaryFile /Users/saleh/Library/Developer/Xcode/DerivedData/SonarDemo-ghxmzfhugimyqfffspckisqhfgve/Build/Intermediates.noindex/Pods.build/Debug-iphonesimulator/Pods-SonarDemo.build/Pods_SonarDemo-generated-files.hmap (in target 'Pods-SonarDemo' from project 'Pods')
    cd /Users/saleh/Desktop/SonarDemo/Pods
    write-file /Users/saleh/Library/Developer/Xcode/DerivedData/SonarDemo-ghxmzfhugimyqfffspckisqhfgve/Build/Intermediates.noindex/Pods.build/Debug-iphonesimulator/Pods-SonarDemo.build/Pods_SonarDemo-generated-files.hmap

WriteAuxiliaryFile /Users/saleh/Library/Developer/Xcode/DerivedData/SonarDemo-ghxmzfhugimyqfffspckisqhfgve/Build/Intermediates.noindex/Pods.build/Debug-iphonesimulator/Pods-SonarDemo.build/Pods_SonarDemo-all-target-headers.hmap (in target 'Pods-SonarDemo' from project 'Pods')
    cd /Users/saleh/Desktop/SonarDemo/Pods
    write-file /Users/saleh/Library/Developer/Xcode/DerivedData/SonarDemo-ghxmzfhugimyqfffspckisqhfgve/Build/Intermediates.noindex/Pods.build/Debug-iphonesimulator/Pods-SonarDemo.build/Pods_SonarDemo-all-target-headers.hmap

WriteAuxiliaryFile /Users/saleh/Library/Developer/Xcode/DerivedData/SonarDemo-ghxmzfhugimyqfffspckisqhfgve/Build/Intermediates.noindex/Pods.build/Debug-iphonesimulator/Pods-SonarDemo.build/Pods_SonarDemo-all-non-framework-target-headers.hmap (in target 'Pods-SonarDemo' from project 'Pods')
    cd /Users/saleh/Desktop/SonarDemo/Pods
    write-file /Users/saleh/Library/Developer/Xcode/DerivedData/SonarDemo-ghxmzfhugimyqfffspckisqhfgve/Build/Intermediates.noindex/Pods.build/Debug-iphonesimulator/Pods-SonarDemo.build/Pods_SonarDemo-all-non-framework-target-headers.hmap

WriteAuxiliaryFile /Users/saleh/Library/Developer/Xcode/DerivedData/SonarDemo-ghxmzfhugimyqfffspckisqhfgve/Build/Intermediates.noindex/Pods.build/Debug-iphonesimulator/Pods-SonarDemo.build/module.modulemap (in target 'Pods-SonarDemo' from project 'Pods')
    cd /Users/saleh/Desktop/SonarDemo/Pods
    write-file /Users/saleh/Library/Developer/Xcode/DerivedData/SonarDemo-ghxmzfhugimyqfffspckisqhfgve/Build/Intermediates.noindex/Pods.build/Debug-iphonesimulator/Pods-SonarDemo.build/module.modulemap

CpHeader /Users/saleh/Desktop/SonarDemo/Pods/Target\ Support\ Files/Pods-SonarDemo/Pods-SonarDemo-umbrella.h /Users/saleh/Library/Developer/Xcode/DerivedData/SonarDemo-ghxmzfhugimyqfffspckisqhfgve/Build/Products/Debug-iphonesimulator/Pods_SonarDemo.framework/Headers/Pods-SonarDemo-umbrella.h (in target 'Pods-SonarDemo' from project 'Pods')
    cd /Users/saleh/Desktop/SonarDemo/Pods
    builtin-copy -exclude .DS_Store -exclude CVS -exclude .svn -exclude .git -exclude .hg -resolve-src-symlinks /Users/saleh/Desktop/SonarDemo/Pods/Target\ Support\ Files/Pods-SonarDemo/Pods-SonarDemo-umbrella.h /Users/saleh/Library/Developer/Xcode/DerivedData/SonarDemo-ghxmzfhugimyqfffspckisqhfgve/Build/Products/Debug-iphonesimulator/Pods_SonarDemo.framework/Headers

ProcessInfoPlistFile /Users/saleh/Library/Developer/Xcode/DerivedData/SonarDemo-ghxmzfhugimyqfffspckisqhfgve/Build/Products/Debug-iphonesimulator/Pods_SonarDemo.framework/Info.plist /Users/saleh/Desktop/SonarDemo/Pods/Target\ Support\ Files/Pods-SonarDemo/Pods-SonarDemo-Info.plist (in target 'Pods-SonarDemo' from project 'Pods')
    cd /Users/saleh/Desktop/SonarDemo/Pods
    builtin-infoPlistUtility /Users/saleh/Desktop/SonarDemo/Pods/Target\ Support\ Files/Pods-SonarDemo/Pods-SonarDemo-Info.plist -producttype com.apple.product-type.framework -expandbuildsettings -format binary -platform iphonesimulator -o /Users/saleh/Library/Developer/Xcode/DerivedData/SonarDemo-ghxmzfhugimyqfffspckisqhfgve/Build/Products/Debug-iphonesimulator/Pods_SonarDemo.framework/Info.plist

Ditto /Users/saleh/Library/Developer/Xcode/DerivedData/SonarDemo-ghxmzfhugimyqfffspckisqhfgve/Build/Intermediates.noindex/Pods.build/Debug-iphonesimulator/Pods-SonarDemo.build/module.modulemap /Users/saleh/Library/Developer/Xcode/DerivedData/SonarDemo-ghxmzfhugimyqfffspckisqhfgve/Build/Products/Debug-iphonesimulator/Pods_SonarDemo.framework/Modules/module.modulemap (in target 'Pods-SonarDemo' from project 'Pods')
    cd /Users/saleh/Desktop/SonarDemo/Pods
    builtin-copy -exclude .DS_Store -exclude CVS -exclude .svn -exclude .git -exclude .hg -resolve-src-symlinks /Users/saleh/Library/Developer/Xcode/DerivedData/SonarDemo-ghxmzfhugimyqfffspckisqhfgve/Build/Intermediates.noindex/Pods.build/Debug-iphonesimulator/Pods-SonarDemo.build/module.modulemap /Users/saleh/Library/Developer/Xcode/DerivedData/SonarDemo-ghxmzfhugimyqfffspckisqhfgve/Build/Products/Debug-iphonesimulator/Pods_SonarDemo.framework/Modules

WriteAuxiliaryFile /Users/saleh/Library/Developer/Xcode/DerivedData/SonarDemo-ghxmzfhugimyqfffspckisqhfgve/Build/Intermediates.noindex/Pods.build/Debug-iphonesimulator/Pods-SonarDemo.build/DerivedSources/Pods_SonarDemo_vers.c (in target 'Pods-SonarDemo' from project 'Pods')
    cd /Users/saleh/Desktop/SonarDemo/Pods
    write-file /Users/saleh/Library/Developer/Xcode/DerivedData/SonarDemo-ghxmzfhugimyqfffspckisqhfgve/Build/Intermediates.noindex/Pods.build/Debug-iphonesimulator/Pods-SonarDemo.build/DerivedSources/Pods_SonarDemo_vers.c

WriteAuxiliaryFile /Users/saleh/Library/Developer/Xcode/DerivedData/SonarDemo-ghxmzfhugimyqfffspckisqhfgve/Build/Intermediates.noindex/Pods.build/Debug-iphonesimulator/Pods-SonarDemo.build/Objects-normal/x86_64/Pods_SonarDemo.LinkFileList (in target 'Pods-SonarDemo' from project 'Pods')
    cd /Users/saleh/Desktop/SonarDemo/Pods
    write-file /Users/saleh/Library/Developer/Xcode/DerivedData/SonarDemo-ghxmzfhugimyqfffspckisqhfgve/Build/Intermediates.noindex/Pods.build/Debug-iphonesimulator/Pods-SonarDemo.build/Objects-normal/x86_64/Pods_SonarDemo.LinkFileList

CompileC /Users/saleh/Library/Developer/Xcode/DerivedData/SonarDemo-ghxmzfhugimyqfffspckisqhfgve/Build/Intermediates.noindex/Pods.build/Debug-iphonesimulator/Pods-SonarDemo.build/Objects-normal/x86_64/Pods-SonarDemo-dummy.o /Users/saleh/Desktop/SonarDemo/Pods/Target\ Support\ Files/Pods-SonarDemo/Pods-SonarDemo-dummy.m normal x86_64 objective-c com.apple.compilers.llvm.clang.1_0.compiler (in target 'Pods-SonarDemo' from project 'Pods')
    cd /Users/saleh/Desktop/SonarDemo/Pods
    export LANG=en_US.US-ASCII
    /Applications/Xcode.app/Contents/Developer/Toolchains/XcodeDefault.xctoolchain/usr/bin/clang -x objective-c -target x86_64-apple-ios13.4-simulator -fmessage-length=0 -fdiagnostics-show-note-include-stack -fmacro-backtrace-limit=0 -std=gnu11 -fobjc-arc -fmodules -gmodules -fmodules-cache-path=/Users/saleh/Library/Developer/Xcode/DerivedData/ModuleCache.noindex -fmodules-prune-interval=86400 -fmodules-prune-after=345600 -fbuild-session-file=/Users/saleh/Library/Developer/Xcode/DerivedData/ModuleCache.noindex/Session.modulevalidation -fmodules-validate-once-per-build-session -Wnon-modular-include-in-framework-module -Werror=non-modular-include-in-framework-module -fmodule-name=Pods_SonarDemo -Wno-trigraphs -fpascal-strings -O0 -fno-common -Wno-missing-field-initializers -Wno-missing-prototypes -Werror=return-type -Wdocumentation -Wunreachable-code -Wno-implicit-atomic-properties -Werror=deprecated-objc-isa-usage -Wno-objc-interface-ivars -Werror=objc-root-class -Wno-arc-repeated-use-of-weak -Wimplicit-retain-self -Wduplicate-method-match -Wno-missing-braces -Wparentheses -Wswitch -Wunused-function -Wno-unused-label -Wno-unused-parameter -Wunused-variable -Wunused-value -Wempty-body -Wuninitialized -Wconditional-uninitialized -Wno-unknown-pragmas -Wno-shadow -Wno-four-char-constants -Wno-conversion -Wconstant-conversion -Wint-conversion -Wbool-conversion -Wenum-conversion -Wno-float-conversion -Wnon-literal-null-conversion -Wobjc-literal-conversion -Wshorten-64-to-32 -Wpointer-sign -Wno-newline-eof -Wno-selector -Wno-strict-selector-match -Wundeclared-selector -Wdeprecated-implementations -DPOD_CONFIGURATION_DEBUG=1 -DDEBUG=1 -DCOCOAPODS=1 -DOBJC_OLD_DISPATCH_PROTOTYPES=0 -isysroot /Applications/Xcode.app/Contents/Developer/Platforms/iPhoneSimulator.platform/Developer/SDKs/iPhoneSimulator13.4.sdk -fasm-blocks -fstrict-aliasing -Wprotocol -Wdeprecated-declarations -g -Wno-sign-conversion -Winfinite-recursion -Wcomma -Wblock-capture-autoreleasing -Wstrict-prototypes -Wno-semicolon-before-method-body -Wunguarded-availability -fobjc-abi-version=2 -fobjc-legacy-dispatch -fprofile-instr-generate -fcoverage-mapping -iquote /Users/saleh/Library/Developer/Xcode/DerivedData/SonarDemo-ghxmzfhugimyqfffspckisqhfgve/Build/Intermediates.noindex/Pods.build/Debug-iphonesimulator/Pods-SonarDemo.build/Pods_SonarDemo-generated-files.hmap -I/Users/saleh/Library/Developer/Xcode/DerivedData/SonarDemo-ghxmzfhugimyqfffspckisqhfgve/Build/Intermediates.noindex/Pods.build/Debug-iphonesimulator/Pods-SonarDemo.build/Pods_SonarDemo-own-target-headers.hmap -I/Users/saleh/Library/Developer/Xcode/DerivedData/SonarDemo-ghxmzfhugimyqfffspckisqhfgve/Build/Intermediates.noindex/Pods.build/Debug-iphonesimulator/Pods-SonarDemo.build/Pods_SonarDemo-all-non-framework-target-headers.hmap -ivfsoverlay /Users/saleh/Library/Developer/Xcode/DerivedData/SonarDemo-ghxmzfhugimyqfffspckisqhfgve/Build/Intermediates.noindex/Pods.build/Debug-iphonesimulator/Pods-SonarDemo.build/all-product-headers.yaml -iquote /Users/saleh/Library/Developer/Xcode/DerivedData/SonarDemo-ghxmzfhugimyqfffspckisqhfgve/Build/Intermediates.noindex/Pods.build/Debug-iphonesimulator/Pods-SonarDemo.build/Pods_SonarDemo-project-headers.hmap -I/Users/saleh/Library/Developer/Xcode/DerivedData/SonarDemo-ghxmzfhugimyqfffspckisqhfgve/Build/Products/Debug-iphonesimulator/include -I/Users/saleh/Library/Developer/Xcode/DerivedData/SonarDemo-ghxmzfhugimyqfffspckisqhfgve/Build/Intermediates.noindex/Pods.build/Debug-iphonesimulator/Pods-SonarDemo.build/DerivedSources-normal/x86_64 -I/Users/saleh/Library/Developer/Xcode/DerivedData/SonarDemo-ghxmzfhugimyqfffspckisqhfgve/Build/Intermediates.noindex/Pods.build/Debug-iphonesimulator/Pods-SonarDemo.build/DerivedSources/x86_64 -I/Users/saleh/Library/Developer/Xcode/DerivedData/SonarDemo-ghxmzfhugimyqfffspckisqhfgve/Build/Intermediates.noindex/Pods.build/Debug-iphonesimulator/Pods-SonarDemo.build/DerivedSources -F/Users/saleh/Library/Developer/Xcode/DerivedData/SonarDemo-ghxmzfhugimyqfffspckisqhfgve/Build/Products/Debug-iphonesimulator -MMD -MT dependencies -MF /Users/saleh/Library/Developer/Xcode/DerivedData/SonarDemo-ghxmzfhugimyqfffspckisqhfgve/Build/Intermediates.noindex/Pods.build/Debug-iphonesimulator/Pods-SonarDemo.build/Objects-normal/x86_64/Pods-SonarDemo-dummy.d --serialize-diagnostics /Users/saleh/Library/Developer/Xcode/DerivedData/SonarDemo-ghxmzfhugimyqfffspckisqhfgve/Build/Intermediates.noindex/Pods.build/Debug-iphonesimulator/Pods-SonarDemo.build/Objects-normal/x86_64/Pods-SonarDemo-dummy.dia -c /Users/saleh/Desktop/SonarDemo/Pods/Target\ Support\ Files/Pods-SonarDemo/Pods-SonarDemo-dummy.m -o /Users/saleh/Library/Developer/Xcode/DerivedData/SonarDemo-ghxmzfhugimyqfffspckisqhfgve/Build/Intermediates.noindex/Pods.build/Debug-iphonesimulator/Pods-SonarDemo.build/Objects-normal/x86_64/Pods-SonarDemo-dummy.o

CompileC /Users/saleh/Library/Developer/Xcode/DerivedData/SonarDemo-ghxmzfhugimyqfffspckisqhfgve/Build/Intermediates.noindex/Pods.build/Debug-iphonesimulator/Pods-SonarDemo.build/Objects-normal/x86_64/Pods_SonarDemo_vers.o /Users/saleh/Library/Developer/Xcode/DerivedData/SonarDemo-ghxmzfhugimyqfffspckisqhfgve/Build/Intermediates.noindex/Pods.build/Debug-iphonesimulator/Pods-SonarDemo.build/DerivedSources/Pods_SonarDemo_vers.c normal x86_64 c com.apple.compilers.llvm.clang.1_0.compiler (in target 'Pods-SonarDemo' from project 'Pods')
    cd /Users/saleh/Desktop/SonarDemo/Pods
    export LANG=en_US.US-ASCII
    /Applications/Xcode.app/Contents/Developer/Toolchains/XcodeDefault.xctoolchain/usr/bin/clang -x c -target x86_64-apple-ios13.4-simulator -fmessage-length=0 -fdiagnostics-show-note-include-stack -fmacro-backtrace-limit=0 -std=gnu11 -fmodules -gmodules -fmodules-cache-path=/Users/saleh/Library/Developer/Xcode/DerivedData/ModuleCache.noindex -fmodules-prune-interval=86400 -fmodules-prune-after=345600 -fbuild-session-file=/Users/saleh/Library/Developer/Xcode/DerivedData/ModuleCache.noindex/Session.modulevalidation -fmodules-validate-once-per-build-session -Wnon-modular-include-in-framework-module -Werror=non-modular-include-in-framework-module -fmodule-name=Pods_SonarDemo -Wno-trigraphs -fpascal-strings -O0 -fno-common -Wno-missing-field-initializers -Wno-missing-prototypes -Werror=return-type -Wdocumentation -Wunreachable-code -Werror=deprecated-objc-isa-usage -Werror=objc-root-class -Wno-missing-braces -Wparentheses -Wswitch -Wunused-function -Wno-unused-label -Wno-unused-parameter -Wunused-variable -Wunused-value -Wempty-body -Wuninitialized -Wconditional-uninitialized -Wno-unknown-pragmas -Wno-shadow -Wno-four-char-constants -Wno-conversion -Wconstant-conversion -Wint-conversion -Wbool-conversion -Wenum-conversion -Wno-float-conversion -Wnon-literal-null-conversion -Wobjc-literal-conversion -Wshorten-64-to-32 -Wpointer-sign -Wno-newline-eof -DPOD_CONFIGURATION_DEBUG=1 -DDEBUG=1 -DCOCOAPODS=1 -isysroot /Applications/Xcode.app/Contents/Developer/Platforms/iPhoneSimulator.platform/Developer/SDKs/iPhoneSimulator13.4.sdk -fasm-blocks -fstrict-aliasing -Wdeprecated-declarations -g -Wno-sign-conversion -Winfinite-recursion -Wcomma -Wblock-capture-autoreleasing -Wstrict-prototypes -Wno-semicolon-before-method-body -Wunguarded-availability -fprofile-instr-generate -fcoverage-mapping -iquote /Users/saleh/Library/Developer/Xcode/DerivedData/SonarDemo-ghxmzfhugimyqfffspckisqhfgve/Build/Intermediates.noindex/Pods.build/Debug-iphonesimulator/Pods-SonarDemo.build/Pods_SonarDemo-generated-files.hmap -I/Users/saleh/Library/Developer/Xcode/DerivedData/SonarDemo-ghxmzfhugimyqfffspckisqhfgve/Build/Intermediates.noindex/Pods.build/Debug-iphonesimulator/Pods-SonarDemo.build/Pods_SonarDemo-own-target-headers.hmap -I/Users/saleh/Library/Developer/Xcode/DerivedData/SonarDemo-ghxmzfhugimyqfffspckisqhfgve/Build/Intermediates.noindex/Pods.build/Debug-iphonesimulator/Pods-SonarDemo.build/Pods_SonarDemo-all-non-framework-target-headers.hmap -ivfsoverlay /Users/saleh/Library/Developer/Xcode/DerivedData/SonarDemo-ghxmzfhugimyqfffspckisqhfgve/Build/Intermediates.noindex/Pods.build/Debug-iphonesimulator/Pods-SonarDemo.build/all-product-headers.yaml -iquote /Users/saleh/Library/Developer/Xcode/DerivedData/SonarDemo-ghxmzfhugimyqfffspckisqhfgve/Build/Intermediates.noindex/Pods.build/Debug-iphonesimulator/Pods-SonarDemo.build/Pods_SonarDemo-project-headers.hmap -I/Users/saleh/Library/Developer/Xcode/DerivedData/SonarDemo-ghxmzfhugimyqfffspckisqhfgve/Build/Products/Debug-iphonesimulator/include -I/Users/saleh/Library/Developer/Xcode/DerivedData/SonarDemo-ghxmzfhugimyqfffspckisqhfgve/Build/Intermediates.noindex/Pods.build/Debug-iphonesimulator/Pods-SonarDemo.build/DerivedSources-normal/x86_64 -I/Users/saleh/Library/Developer/Xcode/DerivedData/SonarDemo-ghxmzfhugimyqfffspckisqhfgve/Build/Intermediates.noindex/Pods.build/Debug-iphonesimulator/Pods-SonarDemo.build/DerivedSources/x86_64 -I/Users/saleh/Library/Developer/Xcode/DerivedData/SonarDemo-ghxmzfhugimyqfffspckisqhfgve/Build/Intermediates.noindex/Pods.build/Debug-iphonesimulator/Pods-SonarDemo.build/DerivedSources -F/Users/saleh/Library/Developer/Xcode/DerivedData/SonarDemo-ghxmzfhugimyqfffspckisqhfgve/Build/Products/Debug-iphonesimulator -MMD -MT dependencies -MF /Users/saleh/Library/Developer/Xcode/DerivedData/SonarDemo-ghxmzfhugimyqfffspckisqhfgve/Build/Intermediates.noindex/Pods.build/Debug-iphonesimulator/Pods-SonarDemo.build/Objects-normal/x86_64/Pods_SonarDemo_vers.d --serialize-diagnostics /Users/saleh/Library/Developer/Xcode/DerivedData/SonarDemo-ghxmzfhugimyqfffspckisqhfgve/Build/Intermediates.noindex/Pods.build/Debug-iphonesimulator/Pods-SonarDemo.build/Objects-normal/x86_64/Pods_SonarDemo_vers.dia -c /Users/saleh/Library/Developer/Xcode/DerivedData/SonarDemo-ghxmzfhugimyqfffspckisqhfgve/Build/Intermediates.noindex/Pods.build/Debug-iphonesimulator/Pods-SonarDemo.build/DerivedSources/Pods_SonarDemo_vers.c -o /Users/saleh/Library/Developer/Xcode/DerivedData/SonarDemo-ghxmzfhugimyqfffspckisqhfgve/Build/Intermediates.noindex/Pods.build/Debug-iphonesimulator/Pods-SonarDemo.build/Objects-normal/x86_64/Pods_SonarDemo_vers.o

Libtool /Users/saleh/Library/Developer/Xcode/DerivedData/SonarDemo-ghxmzfhugimyqfffspckisqhfgve/Build/Products/Debug-iphonesimulator/Pods_SonarDemo.framework/Pods_SonarDemo normal x86_64 (in target 'Pods-SonarDemo' from project 'Pods')
    cd /Users/saleh/Desktop/SonarDemo/Pods
    export IPHONEOS_DEPLOYMENT_TARGET=13.4
    /Applications/Xcode.app/Contents/Developer/Toolchains/XcodeDefault.xctoolchain/usr/bin/libtool -static -arch_only x86_64 -D -syslibroot /Applications/Xcode.app/Contents/Developer/Platforms/iPhoneSimulator.platform/Developer/SDKs/iPhoneSimulator13.4.sdk -L/Users/saleh/Library/Developer/Xcode/DerivedData/SonarDemo-ghxmzfhugimyqfffspckisqhfgve/Build/Products/Debug-iphonesimulator -filelist /Users/saleh/Library/Developer/Xcode/DerivedData/SonarDemo-ghxmzfhugimyqfffspckisqhfgve/Build/Intermediates.noindex/Pods.build/Debug-iphonesimulator/Pods-SonarDemo.build/Objects-normal/x86_64/Pods_SonarDemo.LinkFileList -framework Foundation -dependency_info /Users/saleh/Library/Developer/Xcode/DerivedData/SonarDemo-ghxmzfhugimyqfffspckisqhfgve/Build/Intermediates.noindex/Pods.build/Debug-iphonesimulator/Pods-SonarDemo.build/Objects-normal/x86_64/Pods_SonarDemo_libtool_dependency_info.dat -o /Users/saleh/Library/Developer/Xcode/DerivedData/SonarDemo-ghxmzfhugimyqfffspckisqhfgve/Build/Products/Debug-iphonesimulator/Pods_SonarDemo.framework/Pods_SonarDemo

WriteAuxiliaryFile /Users/saleh/Library/Developer/Xcode/DerivedData/SonarDemo-ghxmzfhugimyqfffspckisqhfgve/Build/Intermediates.noindex/SonarDemo.build/Debug-iphonesimulator/SonarDemo.build/DerivedSources/Entitlements.plist (in target 'SonarDemo' from project 'SonarDemo')
    cd /Users/saleh/Desktop/SonarDemo
    write-file /Users/saleh/Library/Developer/Xcode/DerivedData/SonarDemo-ghxmzfhugimyqfffspckisqhfgve/Build/Intermediates.noindex/SonarDemo.build/Debug-iphonesimulator/SonarDemo.build/DerivedSources/Entitlements.plist

WriteAuxiliaryFile /Users/saleh/Library/Developer/Xcode/DerivedData/SonarDemo-ghxmzfhugimyqfffspckisqhfgve/Build/Intermediates.noindex/SonarDemo.build/Debug-iphonesimulator/SonarDemo.build/DerivedSources/Entitlements-Simulated.plist (in target 'SonarDemo' from project 'SonarDemo')
    cd /Users/saleh/Desktop/SonarDemo
    write-file /Users/saleh/Library/Developer/Xcode/DerivedData/SonarDemo-ghxmzfhugimyqfffspckisqhfgve/Build/Intermediates.noindex/SonarDemo.build/Debug-iphonesimulator/SonarDemo.build/DerivedSources/Entitlements-Simulated.plist

ProcessProductPackaging "" /Users/saleh/Library/Developer/Xcode/DerivedData/SonarDemo-ghxmzfhugimyqfffspckisqhfgve/Build/Intermediates.noindex/SonarDemo.build/Debug-iphonesimulator/SonarDemo.build/SonarDemo.app.xcent (in target 'SonarDemo' from project 'SonarDemo')
    cd /Users/saleh/Desktop/SonarDemo
    

Entitlements:

{
    "com.apple.security.get-task-allow" = 1;
}


    builtin-productPackagingUtility -entitlements -format xml -o /Users/saleh/Library/Developer/Xcode/DerivedData/SonarDemo-ghxmzfhugimyqfffspckisqhfgve/Build/Intermediates.noindex/SonarDemo.build/Debug-iphonesimulator/SonarDemo.build/SonarDemo.app.xcent

ProcessProductPackaging "" /Users/saleh/Library/Developer/Xcode/DerivedData/SonarDemo-ghxmzfhugimyqfffspckisqhfgve/Build/Intermediates.noindex/SonarDemo.build/Debug-iphonesimulator/SonarDemo.build/SonarDemo.app-Simulated.xcent (in target 'SonarDemo' from project 'SonarDemo')
    cd /Users/saleh/Desktop/SonarDemo
    

Entitlements:

{
    "application-identifier" = "CAGNUBRTLX.com.SonarDemo";
    "keychain-access-groups" =     (
        "CAGNUBRTLX.com.SonarDemo"
    );
}


    builtin-productPackagingUtility -entitlements -format xml -o /Users/saleh/Library/Developer/Xcode/DerivedData/SonarDemo-ghxmzfhugimyqfffspckisqhfgve/Build/Intermediates.noindex/SonarDemo.build/Debug-iphonesimulator/SonarDemo.build/SonarDemo.app-Simulated.xcent

WriteAuxiliaryFile /Users/saleh/Library/Developer/Xcode/DerivedData/SonarDemo-ghxmzfhugimyqfffspckisqhfgve/Build/Intermediates.noindex/SonarDemo.build/Debug-iphonesimulator/SonarDemo.build/SonarDemo.hmap (in target 'SonarDemo' from project 'SonarDemo')
    cd /Users/saleh/Desktop/SonarDemo
    write-file /Users/saleh/Library/Developer/Xcode/DerivedData/SonarDemo-ghxmzfhugimyqfffspckisqhfgve/Build/Intermediates.noindex/SonarDemo.build/Debug-iphonesimulator/SonarDemo.build/SonarDemo.hmap

WriteAuxiliaryFile /Users/saleh/Library/Developer/Xcode/DerivedData/SonarDemo-ghxmzfhugimyqfffspckisqhfgve/Build/Intermediates.noindex/SonarDemo.build/Debug-iphonesimulator/SonarDemo.build/SonarDemo-project-headers.hmap (in target 'SonarDemo' from project 'SonarDemo')
    cd /Users/saleh/Desktop/SonarDemo
    write-file /Users/saleh/Library/Developer/Xcode/DerivedData/SonarDemo-ghxmzfhugimyqfffspckisqhfgve/Build/Intermediates.noindex/SonarDemo.build/Debug-iphonesimulator/SonarDemo.build/SonarDemo-project-headers.hmap

WriteAuxiliaryFile /Users/saleh/Library/Developer/Xcode/DerivedData/SonarDemo-ghxmzfhugimyqfffspckisqhfgve/Build/Intermediates.noindex/SonarDemo.build/Debug-iphonesimulator/SonarDemo.build/all-product-headers.yaml (in target 'SonarDemo' from project 'SonarDemo')
    cd /Users/saleh/Desktop/SonarDemo
    write-file /Users/saleh/Library/Developer/Xcode/DerivedData/SonarDemo-ghxmzfhugimyqfffspckisqhfgve/Build/Intermediates.noindex/SonarDemo.build/Debug-iphonesimulator/SonarDemo.build/all-product-headers.yaml

WriteAuxiliaryFile /Users/saleh/Library/Developer/Xcode/DerivedData/SonarDemo-ghxmzfhugimyqfffspckisqhfgve/Build/Intermediates.noindex/SonarDemo.build/Debug-iphonesimulator/SonarDemo.build/SonarDemo-own-target-headers.hmap (in target 'SonarDemo' from project 'SonarDemo')
    cd /Users/saleh/Desktop/SonarDemo
    write-file /Users/saleh/Library/Developer/Xcode/DerivedData/SonarDemo-ghxmzfhugimyqfffspckisqhfgve/Build/Intermediates.noindex/SonarDemo.build/Debug-iphonesimulator/SonarDemo.build/SonarDemo-own-target-headers.hmap

WriteAuxiliaryFile /Users/saleh/Library/Developer/Xcode/DerivedData/SonarDemo-ghxmzfhugimyqfffspckisqhfgve/Build/Intermediates.noindex/SonarDemo.build/Debug-iphonesimulator/SonarDemo.build/SonarDemo-generated-files.hmap (in target 'SonarDemo' from project 'SonarDemo')
    cd /Users/saleh/Desktop/SonarDemo
    write-file /Users/saleh/Library/Developer/Xcode/DerivedData/SonarDemo-ghxmzfhugimyqfffspckisqhfgve/Build/Intermediates.noindex/SonarDemo.build/Debug-iphonesimulator/SonarDemo.build/SonarDemo-generated-files.hmap

WriteAuxiliaryFile /Users/saleh/Library/Developer/Xcode/DerivedData/SonarDemo-ghxmzfhugimyqfffspckisqhfgve/Build/Intermediates.noindex/SonarDemo.build/Debug-iphonesimulator/SonarDemo.build/SonarDemo-all-target-headers.hmap (in target 'SonarDemo' from project 'SonarDemo')
    cd /Users/saleh/Desktop/SonarDemo
    write-file /Users/saleh/Library/Developer/Xcode/DerivedData/SonarDemo-ghxmzfhugimyqfffspckisqhfgve/Build/Intermediates.noindex/SonarDemo.build/Debug-iphonesimulator/SonarDemo.build/SonarDemo-all-target-headers.hmap

WriteAuxiliaryFile /Users/saleh/Library/Developer/Xcode/DerivedData/SonarDemo-ghxmzfhugimyqfffspckisqhfgve/Build/Intermediates.noindex/SonarDemo.build/Debug-iphonesimulator/SonarDemo.build/SonarDemo-all-non-framework-target-headers.hmap (in target 'SonarDemo' from project 'SonarDemo')
    cd /Users/saleh/Desktop/SonarDemo
    write-file /Users/saleh/Library/Developer/Xcode/DerivedData/SonarDemo-ghxmzfhugimyqfffspckisqhfgve/Build/Intermediates.noindex/SonarDemo.build/Debug-iphonesimulator/SonarDemo.build/SonarDemo-all-non-framework-target-headers.hmap

CodeSign /Users/saleh/Library/Developer/Xcode/DerivedData/SonarDemo-ghxmzfhugimyqfffspckisqhfgve/Build/Products/Debug-iphonesimulator/Pods_SonarDemo.framework (in target 'Pods-SonarDemo' from project 'Pods')
    cd /Users/saleh/Desktop/SonarDemo/Pods
    export CODESIGN_ALLOCATE=/Applications/Xcode.app/Contents/Developer/Toolchains/XcodeDefault.xctoolchain/usr/bin/codesign_allocate
    
Signing Identity:     "-"

    /usr/bin/codesign --force --sign - --timestamp=none /Users/saleh/Library/Developer/Xcode/DerivedData/SonarDemo-ghxmzfhugimyqfffspckisqhfgve/Build/Products/Debug-iphonesimulator/Pods_SonarDemo.framework

RegisterExecutionPolicyException /Users/saleh/Library/Developer/Xcode/DerivedData/SonarDemo-ghxmzfhugimyqfffspckisqhfgve/Build/Products/Debug-iphonesimulator/Pods_SonarDemo.framework (in target 'Pods-SonarDemo' from project 'Pods')
    cd /Users/saleh/Desktop/SonarDemo/Pods
    builtin-RegisterExecutionPolicyException /Users/saleh/Library/Developer/Xcode/DerivedData/SonarDemo-ghxmzfhugimyqfffspckisqhfgve/Build/Products/Debug-iphonesimulator/Pods_SonarDemo.framework
note: Execution policy exception registration failed and was skipped: Error Domain=NSPOSIXErrorDomain Code=1 "Operation not permitted" (in target 'Pods-SonarDemo' from project 'Pods')

Touch /Users/saleh/Library/Developer/Xcode/DerivedData/SonarDemo-ghxmzfhugimyqfffspckisqhfgve/Build/Products/Debug-iphonesimulator/Pods_SonarDemo.framework (in target 'Pods-SonarDemo' from project 'Pods')
    cd /Users/saleh/Desktop/SonarDemo/Pods
    /usr/bin/touch -c /Users/saleh/Library/Developer/Xcode/DerivedData/SonarDemo-ghxmzfhugimyqfffspckisqhfgve/Build/Products/Debug-iphonesimulator/Pods_SonarDemo.framework

WriteAuxiliaryFile /Users/saleh/Library/Developer/Xcode/DerivedData/SonarDemo-ghxmzfhugimyqfffspckisqhfgve/Build/Intermediates.noindex/SonarDemo.build/Debug-iphonesimulator/SonarDemo.build/Script-D15CB29760B8A74615B68905.sh (in target 'SonarDemo' from project 'SonarDemo')
    cd /Users/saleh/Desktop/SonarDemo
    write-file /Users/saleh/Library/Developer/Xcode/DerivedData/SonarDemo-ghxmzfhugimyqfffspckisqhfgve/Build/Intermediates.noindex/SonarDemo.build/Debug-iphonesimulator/SonarDemo.build/Script-D15CB29760B8A74615B68905.sh

PhaseScriptExecution [CP]\ Check\ Pods\ Manifest.lock /Users/saleh/Library/Developer/Xcode/DerivedData/SonarDemo-ghxmzfhugimyqfffspckisqhfgve/Build/Intermediates.noindex/SonarDemo.build/Debug-iphonesimulator/SonarDemo.build/Script-D15CB29760B8A74615B68905.sh (in target 'SonarDemo' from project 'SonarDemo')
    cd /Users/saleh/Desktop/SonarDemo
    /bin/sh -c /Users/saleh/Library/Developer/Xcode/DerivedData/SonarDemo-ghxmzfhugimyqfffspckisqhfgve/Build/Intermediates.noindex/SonarDemo.build/Debug-iphonesimulator/SonarDemo.build/Script-D15CB29760B8A74615B68905.sh

DataModelCompile /Users/saleh/Library/Developer/Xcode/DerivedData/SonarDemo-ghxmzfhugimyqfffspckisqhfgve/Build/Products/Debug-iphonesimulator/SonarDemo.app/ /Users/saleh/Desktop/SonarDemo/SonarDemo/SonarDemo.xcdatamodeld (in target 'SonarDemo' from project 'SonarDemo')
    cd /Users/saleh/Desktop/SonarDemo
    /Applications/Xcode.app/Contents/Developer/usr/bin/momc --sdkroot /Applications/Xcode.app/Contents/Developer/Platforms/iPhoneSimulator.platform/Developer/SDKs/iPhoneSimulator13.4.sdk --iphonesimulator-deployment-target 13.4 --module SonarDemo /Users/saleh/Desktop/SonarDemo/SonarDemo/SonarDemo.xcdatamodeld /Users/saleh/Library/Developer/Xcode/DerivedData/SonarDemo-ghxmzfhugimyqfffspckisqhfgve/Build/Products/Debug-iphonesimulator/SonarDemo.app/

WriteAuxiliaryFile /Users/saleh/Library/Developer/Xcode/DerivedData/SonarDemo-ghxmzfhugimyqfffspckisqhfgve/Build/Intermediates.noindex/SonarDemo.build/Debug-iphonesimulator/SonarDemo.build/Objects-normal/x86_64/SonarDemo-OutputFileMap.json (in target 'SonarDemo' from project 'SonarDemo')
    cd /Users/saleh/Desktop/SonarDemo
    write-file /Users/saleh/Library/Developer/Xcode/DerivedData/SonarDemo-ghxmzfhugimyqfffspckisqhfgve/Build/Intermediates.noindex/SonarDemo.build/Debug-iphonesimulator/SonarDemo.build/Objects-normal/x86_64/SonarDemo-OutputFileMap.json

WriteAuxiliaryFile /Users/saleh/Library/Developer/Xcode/DerivedData/SonarDemo-ghxmzfhugimyqfffspckisqhfgve/Build/Intermediates.noindex/SonarDemo.build/Debug-iphonesimulator/SonarDemo.build/Objects-normal/x86_64/SonarDemo.SwiftFileList (in target 'SonarDemo' from project 'SonarDemo')
    cd /Users/saleh/Desktop/SonarDemo
    write-file /Users/saleh/Library/Developer/Xcode/DerivedData/SonarDemo-ghxmzfhugimyqfffspckisqhfgve/Build/Intermediates.noindex/SonarDemo.build/Debug-iphonesimulator/SonarDemo.build/Objects-normal/x86_64/SonarDemo.SwiftFileList

WriteAuxiliaryFile /Users/saleh/Library/Developer/Xcode/DerivedData/SonarDemo-ghxmzfhugimyqfffspckisqhfgve/Build/Intermediates.noindex/SonarDemo.build/Debug-iphonesimulator/SonarDemo.build/Objects-normal/x86_64/SonarDemo.LinkFileList (in target 'SonarDemo' from project 'SonarDemo')
    cd /Users/saleh/Desktop/SonarDemo
    write-file /Users/saleh/Library/Developer/Xcode/DerivedData/SonarDemo-ghxmzfhugimyqfffspckisqhfgve/Build/Intermediates.noindex/SonarDemo.build/Debug-iphonesimulator/SonarDemo.build/Objects-normal/x86_64/SonarDemo.LinkFileList

CompileSwiftSources normal x86_64 com.apple.xcode.tools.swift.compiler (in target 'SonarDemo' from project 'SonarDemo')
    cd /Users/saleh/Desktop/SonarDemo
    export DEVELOPER_DIR=/Applications/Xcode.app/Contents/Developer
    export SDKROOT=/Applications/Xcode.app/Contents/Developer/Platforms/iPhoneSimulator.platform/Developer/SDKs/iPhoneSimulator13.4.sdk
    /Applications/Xcode.app/Contents/Developer/Toolchains/XcodeDefault.xctoolchain/usr/bin/swiftc -incremental -module-name SonarDemo -Onone -enable-batch-mode -enforce-exclusivity=checked @/Users/saleh/Library/Developer/Xcode/DerivedData/SonarDemo-ghxmzfhugimyqfffspckisqhfgve/Build/Intermediates.noindex/SonarDemo.build/Debug-iphonesimulator/SonarDemo.build/Objects-normal/x86_64/SonarDemo.SwiftFileList -DDEBUG -sdk /Applications/Xcode.app/Contents/Developer/Platforms/iPhoneSimulator.platform/Developer/SDKs/iPhoneSimulator13.4.sdk -target x86_64-apple-ios13.4-simulator -g -module-cache-path /Users/saleh/Library/Developer/Xcode/DerivedData/ModuleCache.noindex -Xfrontend -serialize-debugging-options -profile-coverage-mapping -profile-generate -enable-testing -swift-version 5 -I /Users/saleh/Library/Developer/Xcode/DerivedData/SonarDemo-ghxmzfhugimyqfffspckisqhfgve/Build/Products/Debug-iphonesimulator -F /Users/saleh/Library/Developer/Xcode/DerivedData/SonarDemo-ghxmzfhugimyqfffspckisqhfgve/Build/Products/Debug-iphonesimulator -c -j4 -output-file-map /Users/saleh/Library/Developer/Xcode/DerivedData/SonarDemo-ghxmzfhugimyqfffspckisqhfgve/Build/Intermediates.noindex/SonarDemo.build/Debug-iphonesimulator/SonarDemo.build/Objects-normal/x86_64/SonarDemo-OutputFileMap.json -parseable-output -serialize-diagnostics -emit-dependencies -emit-module -emit-module-path /Users/saleh/Library/Developer/Xcode/DerivedData/SonarDemo-ghxmzfhugimyqfffspckisqhfgve/Build/Intermediates.noindex/SonarDemo.build/Debug-iphonesimulator/SonarDemo.build/Objects-normal/x86_64/SonarDemo.swiftmodule -Xcc -I/Users/saleh/Library/Developer/Xcode/DerivedData/SonarDemo-ghxmzfhugimyqfffspckisqhfgve/Build/Intermediates.noindex/SonarDemo.build/Debug-iphonesimulator/SonarDemo.build/swift-overrides.hmap -Xcc -iquote -Xcc /Users/saleh/Library/Developer/Xcode/DerivedData/SonarDemo-ghxmzfhugimyqfffspckisqhfgve/Build/Intermediates.noindex/SonarDemo.build/Debug-iphonesimulator/SonarDemo.build/SonarDemo-generated-files.hmap -Xcc -I/Users/saleh/Library/Developer/Xcode/DerivedData/SonarDemo-ghxmzfhugimyqfffspckisqhfgve/Build/Intermediates.noindex/SonarDemo.build/Debug-iphonesimulator/SonarDemo.build/SonarDemo-own-target-headers.hmap -Xcc -I/Users/saleh/Library/Developer/Xcode/DerivedData/SonarDemo-ghxmzfhugimyqfffspckisqhfgve/Build/Intermediates.noindex/SonarDemo.build/Debug-iphonesimulator/SonarDemo.build/SonarDemo-all-non-framework-target-headers.hmap -Xcc -ivfsoverlay -Xcc /Users/saleh/Library/Developer/Xcode/DerivedData/SonarDemo-ghxmzfhugimyqfffspckisqhfgve/Build/Intermediates.noindex/SonarDemo.build/Debug-iphonesimulator/SonarDemo.build/all-product-headers.yaml -Xcc -iquote -Xcc /Users/saleh/Library/Developer/Xcode/DerivedData/SonarDemo-ghxmzfhugimyqfffspckisqhfgve/Build/Intermediates.noindex/SonarDemo.build/Debug-iphonesimulator/SonarDemo.build/SonarDemo-project-headers.hmap -Xcc -I/Users/saleh/Library/Developer/Xcode/DerivedData/SonarDemo-ghxmzfhugimyqfffspckisqhfgve/Build/Products/Debug-iphonesimulator/include -Xcc -I/Users/saleh/Library/Developer/Xcode/DerivedData/SonarDemo-ghxmzfhugimyqfffspckisqhfgve/Build/Intermediates.noindex/SonarDemo.build/Debug-iphonesimulator/SonarDemo.build/DerivedSources-normal/x86_64 -Xcc -I/Users/saleh/Library/Developer/Xcode/DerivedData/SonarDemo-ghxmzfhugimyqfffspckisqhfgve/Build/Intermediates.noindex/SonarDemo.build/Debug-iphonesimulator/SonarDemo.build/DerivedSources/x86_64 -Xcc -I/Users/saleh/Library/Developer/Xcode/DerivedData/SonarDemo-ghxmzfhugimyqfffspckisqhfgve/Build/Intermediates.noindex/SonarDemo.build/Debug-iphonesimulator/SonarDemo.build/DerivedSources -Xcc -DDEBUG=1 -Xcc -DCOCOAPODS=1 -emit-objc-header -emit-objc-header-path /Users/saleh/Library/Developer/Xcode/DerivedData/SonarDemo-ghxmzfhugimyqfffspckisqhfgve/Build/Intermediates.noindex/SonarDemo.build/Debug-iphonesimulator/SonarDemo.build/Objects-normal/x86_64/SonarDemo-Swift.h -working-directory /Users/saleh/Desktop/SonarDemo

CompileSwift normal x86_64 /Users/saleh/Desktop/SonarDemo/SonarDemo/AppDelegate.swift (in target 'SonarDemo' from project 'SonarDemo')
    cd /Users/saleh/Desktop/SonarDemo
    /Applications/Xcode.app/Contents/Developer/Toolchains/XcodeDefault.xctoolchain/usr/bin/swift -frontend -c -primary-file /Users/saleh/Desktop/SonarDemo/SonarDemo/AppDelegate.swift /Users/saleh/Desktop/SonarDemo/SonarDemo/ContentView.swift /Users/saleh/Desktop/SonarDemo/SonarDemo/SceneDelegate.swift -emit-module-path /Users/saleh/Library/Developer/Xcode/DerivedData/SonarDemo-ghxmzfhugimyqfffspckisqhfgve/Build/Intermediates.noindex/SonarDemo.build/Debug-iphonesimulator/SonarDemo.build/Objects-normal/x86_64/AppDelegate\~partial.swiftmodule -emit-module-doc-path /Users/saleh/Library/Developer/Xcode/DerivedData/SonarDemo-ghxmzfhugimyqfffspckisqhfgve/Build/Intermediates.noindex/SonarDemo.build/Debug-iphonesimulator/SonarDemo.build/Objects-normal/x86_64/AppDelegate\~partial.swiftdoc -emit-module-source-info-path /Users/saleh/Library/Developer/Xcode/DerivedData/SonarDemo-ghxmzfhugimyqfffspckisqhfgve/Build/Intermediates.noindex/SonarDemo.build/Debug-iphonesimulator/SonarDemo.build/Objects-normal/x86_64/AppDelegate\~partial.swiftsourceinfo -serialize-diagnostics-path /Users/saleh/Library/Developer/Xcode/DerivedData/SonarDemo-ghxmzfhugimyqfffspckisqhfgve/Build/Intermediates.noindex/SonarDemo.build/Debug-iphonesimulator/SonarDemo.build/Objects-normal/x86_64/AppDelegate.dia -emit-dependencies-path /Users/saleh/Library/Developer/Xcode/DerivedData/SonarDemo-ghxmzfhugimyqfffspckisqhfgve/Build/Intermediates.noindex/SonarDemo.build/Debug-iphonesimulator/SonarDemo.build/Objects-normal/x86_64/AppDelegate.d -emit-reference-dependencies-path /Users/saleh/Library/Developer/Xcode/DerivedData/SonarDemo-ghxmzfhugimyqfffspckisqhfgve/Build/Intermediates.noindex/SonarDemo.build/Debug-iphonesimulator/SonarDemo.build/Objects-normal/x86_64/AppDelegate.swiftdeps -target x86_64-apple-ios13.4-simulator -enable-objc-interop -sdk /Applications/Xcode.app/Contents/Developer/Platforms/iPhoneSimulator.platform/Developer/SDKs/iPhoneSimulator13.4.sdk -I /Users/saleh/Library/Developer/Xcode/DerivedData/SonarDemo-ghxmzfhugimyqfffspckisqhfgve/Build/Products/Debug-iphonesimulator -F /Users/saleh/Library/Developer/Xcode/DerivedData/SonarDemo-ghxmzfhugimyqfffspckisqhfgve/Build/Products/Debug-iphonesimulator -enable-testing -g -module-cache-path /Users/saleh/Library/Developer/Xcode/DerivedData/ModuleCache.noindex -profile-generate -profile-coverage-mapping -swift-version 5 -enforce-exclusivity=checked -Onone -D DEBUG -serialize-debugging-options -Xcc -working-directory -Xcc /Users/saleh/Desktop/SonarDemo -enable-anonymous-context-mangled-names -Xcc -I/Users/saleh/Library/Developer/Xcode/DerivedData/SonarDemo-ghxmzfhugimyqfffspckisqhfgve/Build/Intermediates.noindex/SonarDemo.build/Debug-iphonesimulator/SonarDemo.build/swift-overrides.hmap -Xcc -iquote -Xcc /Users/saleh/Library/Developer/Xcode/DerivedData/SonarDemo-ghxmzfhugimyqfffspckisqhfgve/Build/Intermediates.noindex/SonarDemo.build/Debug-iphonesimulator/SonarDemo.build/SonarDemo-generated-files.hmap -Xcc -I/Users/saleh/Library/Developer/Xcode/DerivedData/SonarDemo-ghxmzfhugimyqfffspckisqhfgve/Build/Intermediates.noindex/SonarDemo.build/Debug-iphonesimulator/SonarDemo.build/SonarDemo-own-target-headers.hmap -Xcc -I/Users/saleh/Library/Developer/Xcode/DerivedData/SonarDemo-ghxmzfhugimyqfffspckisqhfgve/Build/Intermediates.noindex/SonarDemo.build/Debug-iphonesimulator/SonarDemo.build/SonarDemo-all-non-framework-target-headers.hmap -Xcc -ivfsoverlay -Xcc /Users/saleh/Library/Developer/Xcode/DerivedData/SonarDemo-ghxmzfhugimyqfffspckisqhfgve/Build/Intermediates.noindex/SonarDemo.build/Debug-iphonesimulator/SonarDemo.build/all-product-headers.yaml -Xcc -iquote -Xcc /Users/saleh/Library/Developer/Xcode/DerivedData/SonarDemo-ghxmzfhugimyqfffspckisqhfgve/Build/Intermediates.noindex/SonarDemo.build/Debug-iphonesimulator/SonarDemo.build/SonarDemo-project-headers.hmap -Xcc -I/Users/saleh/Library/Developer/Xcode/DerivedData/SonarDemo-ghxmzfhugimyqfffspckisqhfgve/Build/Products/Debug-iphonesimulator/include -Xcc -I/Users/saleh/Library/Developer/Xcode/DerivedData/SonarDemo-ghxmzfhugimyqfffspckisqhfgve/Build/Intermediates.noindex/SonarDemo.build/Debug-iphonesimulator/SonarDemo.build/DerivedSources-normal/x86_64 -Xcc -I/Users/saleh/Library/Developer/Xcode/DerivedData/SonarDemo-ghxmzfhugimyqfffspckisqhfgve/Build/Intermediates.noindex/SonarDemo.build/Debug-iphonesimulator/SonarDemo.build/DerivedSources/x86_64 -Xcc -I/Users/saleh/Library/Developer/Xcode/DerivedData/SonarDemo-ghxmzfhugimyqfffspckisqhfgve/Build/Intermediates.noindex/SonarDemo.build/Debug-iphonesimulator/SonarDemo.build/DerivedSources -Xcc -DDEBUG=1 -Xcc -DCOCOAPODS=1 -module-name SonarDemo -o /Users/saleh/Library/Developer/Xcode/DerivedData/SonarDemo-ghxmzfhugimyqfffspckisqhfgve/Build/Intermediates.noindex/SonarDemo.build/Debug-iphonesimulator/SonarDemo.build/Objects-normal/x86_64/AppDelegate.o

CompileSwift normal x86_64 /Users/saleh/Desktop/SonarDemo/SonarDemo/ContentView.swift (in target 'SonarDemo' from project 'SonarDemo')
    cd /Users/saleh/Desktop/SonarDemo
    /Applications/Xcode.app/Contents/Developer/Toolchains/XcodeDefault.xctoolchain/usr/bin/swift -frontend -c /Users/saleh/Desktop/SonarDemo/SonarDemo/AppDelegate.swift -primary-file /Users/saleh/Desktop/SonarDemo/SonarDemo/ContentView.swift /Users/saleh/Desktop/SonarDemo/SonarDemo/SceneDelegate.swift -emit-module-path /Users/saleh/Library/Developer/Xcode/DerivedData/SonarDemo-ghxmzfhugimyqfffspckisqhfgve/Build/Intermediates.noindex/SonarDemo.build/Debug-iphonesimulator/SonarDemo.build/Objects-normal/x86_64/ContentView\~partial.swiftmodule -emit-module-doc-path /Users/saleh/Library/Developer/Xcode/DerivedData/SonarDemo-ghxmzfhugimyqfffspckisqhfgve/Build/Intermediates.noindex/SonarDemo.build/Debug-iphonesimulator/SonarDemo.build/Objects-normal/x86_64/ContentView\~partial.swiftdoc -emit-module-source-info-path /Users/saleh/Library/Developer/Xcode/DerivedData/SonarDemo-ghxmzfhugimyqfffspckisqhfgve/Build/Intermediates.noindex/SonarDemo.build/Debug-iphonesimulator/SonarDemo.build/Objects-normal/x86_64/ContentView\~partial.swiftsourceinfo -serialize-diagnostics-path /Users/saleh/Library/Developer/Xcode/DerivedData/SonarDemo-ghxmzfhugimyqfffspckisqhfgve/Build/Intermediates.noindex/SonarDemo.build/Debug-iphonesimulator/SonarDemo.build/Objects-normal/x86_64/ContentView.dia -emit-dependencies-path /Users/saleh/Library/Developer/Xcode/DerivedData/SonarDemo-ghxmzfhugimyqfffspckisqhfgve/Build/Intermediates.noindex/SonarDemo.build/Debug-iphonesimulator/SonarDemo.build/Objects-normal/x86_64/ContentView.d -emit-reference-dependencies-path /Users/saleh/Library/Developer/Xcode/DerivedData/SonarDemo-ghxmzfhugimyqfffspckisqhfgve/Build/Intermediates.noindex/SonarDemo.build/Debug-iphonesimulator/SonarDemo.build/Objects-normal/x86_64/ContentView.swiftdeps -target x86_64-apple-ios13.4-simulator -enable-objc-interop -sdk /Applications/Xcode.app/Contents/Developer/Platforms/iPhoneSimulator.platform/Developer/SDKs/iPhoneSimulator13.4.sdk -I /Users/saleh/Library/Developer/Xcode/DerivedData/SonarDemo-ghxmzfhugimyqfffspckisqhfgve/Build/Products/Debug-iphonesimulator -F /Users/saleh/Library/Developer/Xcode/DerivedData/SonarDemo-ghxmzfhugimyqfffspckisqhfgve/Build/Products/Debug-iphonesimulator -enable-testing -g -module-cache-path /Users/saleh/Library/Developer/Xcode/DerivedData/ModuleCache.noindex -profile-generate -profile-coverage-mapping -swift-version 5 -enforce-exclusivity=checked -Onone -D DEBUG -serialize-debugging-options -Xcc -working-directory -Xcc /Users/saleh/Desktop/SonarDemo -enable-anonymous-context-mangled-names -Xcc -I/Users/saleh/Library/Developer/Xcode/DerivedData/SonarDemo-ghxmzfhugimyqfffspckisqhfgve/Build/Intermediates.noindex/SonarDemo.build/Debug-iphonesimulator/SonarDemo.build/swift-overrides.hmap -Xcc -iquote -Xcc /Users/saleh/Library/Developer/Xcode/DerivedData/SonarDemo-ghxmzfhugimyqfffspckisqhfgve/Build/Intermediates.noindex/SonarDemo.build/Debug-iphonesimulator/SonarDemo.build/SonarDemo-generated-files.hmap -Xcc -I/Users/saleh/Library/Developer/Xcode/DerivedData/SonarDemo-ghxmzfhugimyqfffspckisqhfgve/Build/Intermediates.noindex/SonarDemo.build/Debug-iphonesimulator/SonarDemo.build/SonarDemo-own-target-headers.hmap -Xcc -I/Users/saleh/Library/Developer/Xcode/DerivedData/SonarDemo-ghxmzfhugimyqfffspckisqhfgve/Build/Intermediates.noindex/SonarDemo.build/Debug-iphonesimulator/SonarDemo.build/SonarDemo-all-non-framework-target-headers.hmap -Xcc -ivfsoverlay -Xcc /Users/saleh/Library/Developer/Xcode/DerivedData/SonarDemo-ghxmzfhugimyqfffspckisqhfgve/Build/Intermediates.noindex/SonarDemo.build/Debug-iphonesimulator/SonarDemo.build/all-product-headers.yaml -Xcc -iquote -Xcc /Users/saleh/Library/Developer/Xcode/DerivedData/SonarDemo-ghxmzfhugimyqfffspckisqhfgve/Build/Intermediates.noindex/SonarDemo.build/Debug-iphonesimulator/SonarDemo.build/SonarDemo-project-headers.hmap -Xcc -I/Users/saleh/Library/Developer/Xcode/DerivedData/SonarDemo-ghxmzfhugimyqfffspckisqhfgve/Build/Products/Debug-iphonesimulator/include -Xcc -I/Users/saleh/Library/Developer/Xcode/DerivedData/SonarDemo-ghxmzfhugimyqfffspckisqhfgve/Build/Intermediates.noindex/SonarDemo.build/Debug-iphonesimulator/SonarDemo.build/DerivedSources-normal/x86_64 -Xcc -I/Users/saleh/Library/Developer/Xcode/DerivedData/SonarDemo-ghxmzfhugimyqfffspckisqhfgve/Build/Intermediates.noindex/SonarDemo.build/Debug-iphonesimulator/SonarDemo.build/DerivedSources/x86_64 -Xcc -I/Users/saleh/Library/Developer/Xcode/DerivedData/SonarDemo-ghxmzfhugimyqfffspckisqhfgve/Build/Intermediates.noindex/SonarDemo.build/Debug-iphonesimulator/SonarDemo.build/DerivedSources -Xcc -DDEBUG=1 -Xcc -DCOCOAPODS=1 -module-name SonarDemo -o /Users/saleh/Library/Developer/Xcode/DerivedData/SonarDemo-ghxmzfhugimyqfffspckisqhfgve/Build/Intermediates.noindex/SonarDemo.build/Debug-iphonesimulator/SonarDemo.build/Objects-normal/x86_64/ContentView.o

CompileSwift normal x86_64 /Users/saleh/Desktop/SonarDemo/SonarDemo/SceneDelegate.swift (in target 'SonarDemo' from project 'SonarDemo')
    cd /Users/saleh/Desktop/SonarDemo
    /Applications/Xcode.app/Contents/Developer/Toolchains/XcodeDefault.xctoolchain/usr/bin/swift -frontend -c /Users/saleh/Desktop/SonarDemo/SonarDemo/AppDelegate.swift /Users/saleh/Desktop/SonarDemo/SonarDemo/ContentView.swift -primary-file /Users/saleh/Desktop/SonarDemo/SonarDemo/SceneDelegate.swift -emit-module-path /Users/saleh/Library/Developer/Xcode/DerivedData/SonarDemo-ghxmzfhugimyqfffspckisqhfgve/Build/Intermediates.noindex/SonarDemo.build/Debug-iphonesimulator/SonarDemo.build/Objects-normal/x86_64/SceneDelegate\~partial.swiftmodule -emit-module-doc-path /Users/saleh/Library/Developer/Xcode/DerivedData/SonarDemo-ghxmzfhugimyqfffspckisqhfgve/Build/Intermediates.noindex/SonarDemo.build/Debug-iphonesimulator/SonarDemo.build/Objects-normal/x86_64/SceneDelegate\~partial.swiftdoc -emit-module-source-info-path /Users/saleh/Library/Developer/Xcode/DerivedData/SonarDemo-ghxmzfhugimyqfffspckisqhfgve/Build/Intermediates.noindex/SonarDemo.build/Debug-iphonesimulator/SonarDemo.build/Objects-normal/x86_64/SceneDelegate\~partial.swiftsourceinfo -serialize-diagnostics-path /Users/saleh/Library/Developer/Xcode/DerivedData/SonarDemo-ghxmzfhugimyqfffspckisqhfgve/Build/Intermediates.noindex/SonarDemo.build/Debug-iphonesimulator/SonarDemo.build/Objects-normal/x86_64/SceneDelegate.dia -emit-dependencies-path /Users/saleh/Library/Developer/Xcode/DerivedData/SonarDemo-ghxmzfhugimyqfffspckisqhfgve/Build/Intermediates.noindex/SonarDemo.build/Debug-iphonesimulator/SonarDemo.build/Objects-normal/x86_64/SceneDelegate.d -emit-reference-dependencies-path /Users/saleh/Library/Developer/Xcode/DerivedData/SonarDemo-ghxmzfhugimyqfffspckisqhfgve/Build/Intermediates.noindex/SonarDemo.build/Debug-iphonesimulator/SonarDemo.build/Objects-normal/x86_64/SceneDelegate.swiftdeps -target x86_64-apple-ios13.4-simulator -enable-objc-interop -sdk /Applications/Xcode.app/Contents/Developer/Platforms/iPhoneSimulator.platform/Developer/SDKs/iPhoneSimulator13.4.sdk -I /Users/saleh/Library/Developer/Xcode/DerivedData/SonarDemo-ghxmzfhugimyqfffspckisqhfgve/Build/Products/Debug-iphonesimulator -F /Users/saleh/Library/Developer/Xcode/DerivedData/SonarDemo-ghxmzfhugimyqfffspckisqhfgve/Build/Products/Debug-iphonesimulator -enable-testing -g -module-cache-path /Users/saleh/Library/Developer/Xcode/DerivedData/ModuleCache.noindex -profile-generate -profile-coverage-mapping -swift-version 5 -enforce-exclusivity=checked -Onone -D DEBUG -serialize-debugging-options -Xcc -working-directory -Xcc /Users/saleh/Desktop/SonarDemo -enable-anonymous-context-mangled-names -Xcc -I/Users/saleh/Library/Developer/Xcode/DerivedData/SonarDemo-ghxmzfhugimyqfffspckisqhfgve/Build/Intermediates.noindex/SonarDemo.build/Debug-iphonesimulator/SonarDemo.build/swift-overrides.hmap -Xcc -iquote -Xcc /Users/saleh/Library/Developer/Xcode/DerivedData/SonarDemo-ghxmzfhugimyqfffspckisqhfgve/Build/Intermediates.noindex/SonarDemo.build/Debug-iphonesimulator/SonarDemo.build/SonarDemo-generated-files.hmap -Xcc -I/Users/saleh/Library/Developer/Xcode/DerivedData/SonarDemo-ghxmzfhugimyqfffspckisqhfgve/Build/Intermediates.noindex/SonarDemo.build/Debug-iphonesimulator/SonarDemo.build/SonarDemo-own-target-headers.hmap -Xcc -I/Users/saleh/Library/Developer/Xcode/DerivedData/SonarDemo-ghxmzfhugimyqfffspckisqhfgve/Build/Intermediates.noindex/SonarDemo.build/Debug-iphonesimulator/SonarDemo.build/SonarDemo-all-non-framework-target-headers.hmap -Xcc -ivfsoverlay -Xcc /Users/saleh/Library/Developer/Xcode/DerivedData/SonarDemo-ghxmzfhugimyqfffspckisqhfgve/Build/Intermediates.noindex/SonarDemo.build/Debug-iphonesimulator/SonarDemo.build/all-product-headers.yaml -Xcc -iquote -Xcc /Users/saleh/Library/Developer/Xcode/DerivedData/SonarDemo-ghxmzfhugimyqfffspckisqhfgve/Build/Intermediates.noindex/SonarDemo.build/Debug-iphonesimulator/SonarDemo.build/SonarDemo-project-headers.hmap -Xcc -I/Users/saleh/Library/Developer/Xcode/DerivedData/SonarDemo-ghxmzfhugimyqfffspckisqhfgve/Build/Products/Debug-iphonesimulator/include -Xcc -I/Users/saleh/Library/Developer/Xcode/DerivedData/SonarDemo-ghxmzfhugimyqfffspckisqhfgve/Build/Intermediates.noindex/SonarDemo.build/Debug-iphonesimulator/SonarDemo.build/DerivedSources-normal/x86_64 -Xcc -I/Users/saleh/Library/Developer/Xcode/DerivedData/SonarDemo-ghxmzfhugimyqfffspckisqhfgve/Build/Intermediates.noindex/SonarDemo.build/Debug-iphonesimulator/SonarDemo.build/DerivedSources/x86_64 -Xcc -I/Users/saleh/Library/Developer/Xcode/DerivedData/SonarDemo-ghxmzfhugimyqfffspckisqhfgve/Build/Intermediates.noindex/SonarDemo.build/Debug-iphonesimulator/SonarDemo.build/DerivedSources -Xcc -DDEBUG=1 -Xcc -DCOCOAPODS=1 -module-name SonarDemo -o /Users/saleh/Library/Developer/Xcode/DerivedData/SonarDemo-ghxmzfhugimyqfffspckisqhfgve/Build/Intermediates.noindex/SonarDemo.build/Debug-iphonesimulator/SonarDemo.build/Objects-normal/x86_64/SceneDelegate.o

MergeSwiftModule normal x86_64 (in target 'SonarDemo' from project 'SonarDemo')
    cd /Users/saleh/Desktop/SonarDemo
    /Applications/Xcode.app/Contents/Developer/Toolchains/XcodeDefault.xctoolchain/usr/bin/swift -frontend -merge-modules -emit-module /Users/saleh/Library/Developer/Xcode/DerivedData/SonarDemo-ghxmzfhugimyqfffspckisqhfgve/Build/Intermediates.noindex/SonarDemo.build/Debug-iphonesimulator/SonarDemo.build/Objects-normal/x86_64/AppDelegate\~partial.swiftmodule /Users/saleh/Library/Developer/Xcode/DerivedData/SonarDemo-ghxmzfhugimyqfffspckisqhfgve/Build/Intermediates.noindex/SonarDemo.build/Debug-iphonesimulator/SonarDemo.build/Objects-normal/x86_64/ContentView\~partial.swiftmodule /Users/saleh/Library/Developer/Xcode/DerivedData/SonarDemo-ghxmzfhugimyqfffspckisqhfgve/Build/Intermediates.noindex/SonarDemo.build/Debug-iphonesimulator/SonarDemo.build/Objects-normal/x86_64/SceneDelegate\~partial.swiftmodule -parse-as-library -sil-merge-partial-modules -disable-diagnostic-passes -disable-sil-perf-optzns -target x86_64-apple-ios13.4-simulator -enable-objc-interop -sdk /Applications/Xcode.app/Contents/Developer/Platforms/iPhoneSimulator.platform/Developer/SDKs/iPhoneSimulator13.4.sdk -I /Users/saleh/Library/Developer/Xcode/DerivedData/SonarDemo-ghxmzfhugimyqfffspckisqhfgve/Build/Products/Debug-iphonesimulator -F /Users/saleh/Library/Developer/Xcode/DerivedData/SonarDemo-ghxmzfhugimyqfffspckisqhfgve/Build/Products/Debug-iphonesimulator -enable-testing -g -module-cache-path /Users/saleh/Library/Developer/Xcode/DerivedData/ModuleCache.noindex -profile-generate -profile-coverage-mapping -swift-version 5 -enforce-exclusivity=checked -Onone -D DEBUG -serialize-debugging-options -Xcc -working-directory -Xcc /Users/saleh/Desktop/SonarDemo -enable-anonymous-context-mangled-names -Xcc -I/Users/saleh/Library/Developer/Xcode/DerivedData/SonarDemo-ghxmzfhugimyqfffspckisqhfgve/Build/Intermediates.noindex/SonarDemo.build/Debug-iphonesimulator/SonarDemo.build/swift-overrides.hmap -Xcc -iquote -Xcc /Users/saleh/Library/Developer/Xcode/DerivedData/SonarDemo-ghxmzfhugimyqfffspckisqhfgve/Build/Intermediates.noindex/SonarDemo.build/Debug-iphonesimulator/SonarDemo.build/SonarDemo-generated-files.hmap -Xcc -I/Users/saleh/Library/Developer/Xcode/DerivedData/SonarDemo-ghxmzfhugimyqfffspckisqhfgve/Build/Intermediates.noindex/SonarDemo.build/Debug-iphonesimulator/SonarDemo.build/SonarDemo-own-target-headers.hmap -Xcc -I/Users/saleh/Library/Developer/Xcode/DerivedData/SonarDemo-ghxmzfhugimyqfffspckisqhfgve/Build/Intermediates.noindex/SonarDemo.build/Debug-iphonesimulator/SonarDemo.build/SonarDemo-all-non-framework-target-headers.hmap -Xcc -ivfsoverlay -Xcc /Users/saleh/Library/Developer/Xcode/DerivedData/SonarDemo-ghxmzfhugimyqfffspckisqhfgve/Build/Intermediates.noindex/SonarDemo.build/Debug-iphonesimulator/SonarDemo.build/all-product-headers.yaml -Xcc -iquote -Xcc /Users/saleh/Library/Developer/Xcode/DerivedData/SonarDemo-ghxmzfhugimyqfffspckisqhfgve/Build/Intermediates.noindex/SonarDemo.build/Debug-iphonesimulator/SonarDemo.build/SonarDemo-project-headers.hmap -Xcc -I/Users/saleh/Library/Developer/Xcode/DerivedData/SonarDemo-ghxmzfhugimyqfffspckisqhfgve/Build/Products/Debug-iphonesimulator/include -Xcc -I/Users/saleh/Library/Developer/Xcode/DerivedData/SonarDemo-ghxmzfhugimyqfffspckisqhfgve/Build/Intermediates.noindex/SonarDemo.build/Debug-iphonesimulator/SonarDemo.build/DerivedSources-normal/x86_64 -Xcc -I/Users/saleh/Library/Developer/Xcode/DerivedData/SonarDemo-ghxmzfhugimyqfffspckisqhfgve/Build/Intermediates.noindex/SonarDemo.build/Debug-iphonesimulator/SonarDemo.build/DerivedSources/x86_64 -Xcc -I/Users/saleh/Library/Developer/Xcode/DerivedData/SonarDemo-ghxmzfhugimyqfffspckisqhfgve/Build/Intermediates.noindex/SonarDemo.build/Debug-iphonesimulator/SonarDemo.build/DerivedSources -Xcc -DDEBUG=1 -Xcc -DCOCOAPODS=1 -emit-module-doc-path /Users/saleh/Library/Developer/Xcode/DerivedData/SonarDemo-ghxmzfhugimyqfffspckisqhfgve/Build/Intermediates.noindex/SonarDemo.build/Debug-iphonesimulator/SonarDemo.build/Objects-normal/x86_64/SonarDemo.swiftdoc -emit-module-source-info-path /Users/saleh/Library/Developer/Xcode/DerivedData/SonarDemo-ghxmzfhugimyqfffspckisqhfgve/Build/Intermediates.noindex/SonarDemo.build/Debug-iphonesimulator/SonarDemo.build/Objects-normal/x86_64/SonarDemo.swiftsourceinfo -emit-objc-header-path /Users/saleh/Library/Developer/Xcode/DerivedData/SonarDemo-ghxmzfhugimyqfffspckisqhfgve/Build/Intermediates.noindex/SonarDemo.build/Debug-iphonesimulator/SonarDemo.build/Objects-normal/x86_64/SonarDemo-Swift.h -module-name SonarDemo -o /Users/saleh/Library/Developer/Xcode/DerivedData/SonarDemo-ghxmzfhugimyqfffspckisqhfgve/Build/Intermediates.noindex/SonarDemo.build/Debug-iphonesimulator/SonarDemo.build/Objects-normal/x86_64/SonarDemo.swiftmodule

Ld /Users/saleh/Library/Developer/Xcode/DerivedData/SonarDemo-ghxmzfhugimyqfffspckisqhfgve/Build/Products/Debug-iphonesimulator/SonarDemo.app/SonarDemo normal x86_64 (in target 'SonarDemo' from project 'SonarDemo')
    cd /Users/saleh/Desktop/SonarDemo
    /Applications/Xcode.app/Contents/Developer/Toolchains/XcodeDefault.xctoolchain/usr/bin/clang -target x86_64-apple-ios13.4-simulator -isysroot /Applications/Xcode.app/Contents/Developer/Platforms/iPhoneSimulator.platform/Developer/SDKs/iPhoneSimulator13.4.sdk -L/Users/saleh/Library/Developer/Xcode/DerivedData/SonarDemo-ghxmzfhugimyqfffspckisqhfgve/Build/Products/Debug-iphonesimulator -F/Users/saleh/Library/Developer/Xcode/DerivedData/SonarDemo-ghxmzfhugimyqfffspckisqhfgve/Build/Products/Debug-iphonesimulator -filelist /Users/saleh/Library/Developer/Xcode/DerivedData/SonarDemo-ghxmzfhugimyqfffspckisqhfgve/Build/Intermediates.noindex/SonarDemo.build/Debug-iphonesimulator/SonarDemo.build/Objects-normal/x86_64/SonarDemo.LinkFileList -Xlinker -rpath -Xlinker @executable_path/Frameworks -dead_strip -Xlinker -object_path_lto -Xlinker /Users/saleh/Library/Developer/Xcode/DerivedData/SonarDemo-ghxmzfhugimyqfffspckisqhfgve/Build/Intermediates.noindex/SonarDemo.build/Debug-iphonesimulator/SonarDemo.build/Objects-normal/x86_64/SonarDemo_lto.o -Xlinker -export_dynamic -Xlinker -no_deduplicate -Xlinker -objc_abi_version -Xlinker 2 -fobjc-link-runtime -fprofile-instr-generate -L/Applications/Xcode.app/Contents/Developer/Toolchains/XcodeDefault.xctoolchain/usr/lib/swift/iphonesimulator -L/usr/lib/swift -Xlinker -add_ast_path -Xlinker /Users/saleh/Library/Developer/Xcode/DerivedData/SonarDemo-ghxmzfhugimyqfffspckisqhfgve/Build/Intermediates.noindex/SonarDemo.build/Debug-iphonesimulator/SonarDemo.build/Objects-normal/x86_64/SonarDemo.swiftmodule -Xlinker -sectcreate -Xlinker __TEXT -Xlinker __entitlements -Xlinker /Users/saleh/Library/Developer/Xcode/DerivedData/SonarDemo-ghxmzfhugimyqfffspckisqhfgve/Build/Intermediates.noindex/SonarDemo.build/Debug-iphonesimulator/SonarDemo.build/SonarDemo.app-Simulated.xcent -framework Pods_SonarDemo -Xlinker -dependency_info -Xlinker /Users/saleh/Library/Developer/Xcode/DerivedData/SonarDemo-ghxmzfhugimyqfffspckisqhfgve/Build/Intermediates.noindex/SonarDemo.build/Debug-iphonesimulator/SonarDemo.build/Objects-normal/x86_64/SonarDemo_dependency_info.dat -o /Users/saleh/Library/Developer/Xcode/DerivedData/SonarDemo-ghxmzfhugimyqfffspckisqhfgve/Build/Products/Debug-iphonesimulator/SonarDemo.app/SonarDemo

Ditto /Users/saleh/Library/Developer/Xcode/DerivedData/SonarDemo-ghxmzfhugimyqfffspckisqhfgve/Build/Products/Debug-iphonesimulator/SonarDemo.swiftmodule/Project/x86_64-apple-ios-simulator.swiftsourceinfo /Users/saleh/Library/Developer/Xcode/DerivedData/SonarDemo-ghxmzfhugimyqfffspckisqhfgve/Build/Intermediates.noindex/SonarDemo.build/Debug-iphonesimulator/SonarDemo.build/Objects-normal/x86_64/SonarDemo.swiftsourceinfo (in target 'SonarDemo' from project 'SonarDemo')
    cd /Users/saleh/Desktop/SonarDemo
    /usr/bin/ditto -rsrc /Users/saleh/Library/Developer/Xcode/DerivedData/SonarDemo-ghxmzfhugimyqfffspckisqhfgve/Build/Intermediates.noindex/SonarDemo.build/Debug-iphonesimulator/SonarDemo.build/Objects-normal/x86_64/SonarDemo.swiftsourceinfo /Users/saleh/Library/Developer/Xcode/DerivedData/SonarDemo-ghxmzfhugimyqfffspckisqhfgve/Build/Products/Debug-iphonesimulator/SonarDemo.swiftmodule/Project/x86_64-apple-ios-simulator.swiftsourceinfo

Ditto /Users/saleh/Library/Developer/Xcode/DerivedData/SonarDemo-ghxmzfhugimyqfffspckisqhfgve/Build/Products/Debug-iphonesimulator/SonarDemo.swiftmodule/Project/x86_64.swiftsourceinfo /Users/saleh/Library/Developer/Xcode/DerivedData/SonarDemo-ghxmzfhugimyqfffspckisqhfgve/Build/Intermediates.noindex/SonarDemo.build/Debug-iphonesimulator/SonarDemo.build/Objects-normal/x86_64/SonarDemo.swiftsourceinfo (in target 'SonarDemo' from project 'SonarDemo')
    cd /Users/saleh/Desktop/SonarDemo
    /usr/bin/ditto -rsrc /Users/saleh/Library/Developer/Xcode/DerivedData/SonarDemo-ghxmzfhugimyqfffspckisqhfgve/Build/Intermediates.noindex/SonarDemo.build/Debug-iphonesimulator/SonarDemo.build/Objects-normal/x86_64/SonarDemo.swiftsourceinfo /Users/saleh/Library/Developer/Xcode/DerivedData/SonarDemo-ghxmzfhugimyqfffspckisqhfgve/Build/Products/Debug-iphonesimulator/SonarDemo.swiftmodule/Project/x86_64.swiftsourceinfo

Ditto /Users/saleh/Library/Developer/Xcode/DerivedData/SonarDemo-ghxmzfhugimyqfffspckisqhfgve/Build/Products/Debug-iphonesimulator/SonarDemo.swiftmodule/x86_64.swiftmodule /Users/saleh/Library/Developer/Xcode/DerivedData/SonarDemo-ghxmzfhugimyqfffspckisqhfgve/Build/Intermediates.noindex/SonarDemo.build/Debug-iphonesimulator/SonarDemo.build/Objects-normal/x86_64/SonarDemo.swiftmodule (in target 'SonarDemo' from project 'SonarDemo')
    cd /Users/saleh/Desktop/SonarDemo
    /usr/bin/ditto -rsrc /Users/saleh/Library/Developer/Xcode/DerivedData/SonarDemo-ghxmzfhugimyqfffspckisqhfgve/Build/Intermediates.noindex/SonarDemo.build/Debug-iphonesimulator/SonarDemo.build/Objects-normal/x86_64/SonarDemo.swiftmodule /Users/saleh/Library/Developer/Xcode/DerivedData/SonarDemo-ghxmzfhugimyqfffspckisqhfgve/Build/Products/Debug-iphonesimulator/SonarDemo.swiftmodule/x86_64.swiftmodule

Ditto /Users/saleh/Library/Developer/Xcode/DerivedData/SonarDemo-ghxmzfhugimyqfffspckisqhfgve/Build/Products/Debug-iphonesimulator/SonarDemo.swiftmodule/x86_64.swiftdoc /Users/saleh/Library/Developer/Xcode/DerivedData/SonarDemo-ghxmzfhugimyqfffspckisqhfgve/Build/Intermediates.noindex/SonarDemo.build/Debug-iphonesimulator/SonarDemo.build/Objects-normal/x86_64/SonarDemo.swiftdoc (in target 'SonarDemo' from project 'SonarDemo')
    cd /Users/saleh/Desktop/SonarDemo
    /usr/bin/ditto -rsrc /Users/saleh/Library/Developer/Xcode/DerivedData/SonarDemo-ghxmzfhugimyqfffspckisqhfgve/Build/Intermediates.noindex/SonarDemo.build/Debug-iphonesimulator/SonarDemo.build/Objects-normal/x86_64/SonarDemo.swiftdoc /Users/saleh/Library/Developer/Xcode/DerivedData/SonarDemo-ghxmzfhugimyqfffspckisqhfgve/Build/Products/Debug-iphonesimulator/SonarDemo.swiftmodule/x86_64.swiftdoc

Ditto /Users/saleh/Library/Developer/Xcode/DerivedData/SonarDemo-ghxmzfhugimyqfffspckisqhfgve/Build/Products/Debug-iphonesimulator/SonarDemo.swiftmodule/x86_64-apple-ios-simulator.swiftmodule /Users/saleh/Library/Developer/Xcode/DerivedData/SonarDemo-ghxmzfhugimyqfffspckisqhfgve/Build/Intermediates.noindex/SonarDemo.build/Debug-iphonesimulator/SonarDemo.build/Objects-normal/x86_64/SonarDemo.swiftmodule (in target 'SonarDemo' from project 'SonarDemo')
    cd /Users/saleh/Desktop/SonarDemo
    /usr/bin/ditto -rsrc /Users/saleh/Library/Developer/Xcode/DerivedData/SonarDemo-ghxmzfhugimyqfffspckisqhfgve/Build/Intermediates.noindex/SonarDemo.build/Debug-iphonesimulator/SonarDemo.build/Objects-normal/x86_64/SonarDemo.swiftmodule /Users/saleh/Library/Developer/Xcode/DerivedData/SonarDemo-ghxmzfhugimyqfffspckisqhfgve/Build/Products/Debug-iphonesimulator/SonarDemo.swiftmodule/x86_64-apple-ios-simulator.swiftmodule

Ditto /Users/saleh/Library/Developer/Xcode/DerivedData/SonarDemo-ghxmzfhugimyqfffspckisqhfgve/Build/Products/Debug-iphonesimulator/SonarDemo.swiftmodule/x86_64-apple-ios-simulator.swiftdoc /Users/saleh/Library/Developer/Xcode/DerivedData/SonarDemo-ghxmzfhugimyqfffspckisqhfgve/Build/Intermediates.noindex/SonarDemo.build/Debug-iphonesimulator/SonarDemo.build/Objects-normal/x86_64/SonarDemo.swiftdoc (in target 'SonarDemo' from project 'SonarDemo')
    cd /Users/saleh/Desktop/SonarDemo
    /usr/bin/ditto -rsrc /Users/saleh/Library/Developer/Xcode/DerivedData/SonarDemo-ghxmzfhugimyqfffspckisqhfgve/Build/Intermediates.noindex/SonarDemo.build/Debug-iphonesimulator/SonarDemo.build/Objects-normal/x86_64/SonarDemo.swiftdoc /Users/saleh/Library/Developer/Xcode/DerivedData/SonarDemo-ghxmzfhugimyqfffspckisqhfgve/Build/Products/Debug-iphonesimulator/SonarDemo.swiftmodule/x86_64-apple-ios-simulator.swiftdoc

Ditto /Users/saleh/Library/Developer/Xcode/DerivedData/SonarDemo-ghxmzfhugimyqfffspckisqhfgve/Build/Intermediates.noindex/SonarDemo.build/Debug-iphonesimulator/SonarDemo.build/DerivedSources/SonarDemo-Swift.h /Users/saleh/Library/Developer/Xcode/DerivedData/SonarDemo-ghxmzfhugimyqfffspckisqhfgve/Build/Intermediates.noindex/SonarDemo.build/Debug-iphonesimulator/SonarDemo.build/Objects-normal/x86_64/SonarDemo-Swift.h (in target 'SonarDemo' from project 'SonarDemo')
    cd /Users/saleh/Desktop/SonarDemo
    /usr/bin/ditto -rsrc /Users/saleh/Library/Developer/Xcode/DerivedData/SonarDemo-ghxmzfhugimyqfffspckisqhfgve/Build/Intermediates.noindex/SonarDemo.build/Debug-iphonesimulator/SonarDemo.build/Objects-normal/x86_64/SonarDemo-Swift.h /Users/saleh/Library/Developer/Xcode/DerivedData/SonarDemo-ghxmzfhugimyqfffspckisqhfgve/Build/Intermediates.noindex/SonarDemo.build/Debug-iphonesimulator/SonarDemo.build/DerivedSources/SonarDemo-Swift.h

CompileAssetCatalog /Users/saleh/Library/Developer/Xcode/DerivedData/SonarDemo-ghxmzfhugimyqfffspckisqhfgve/Build/Products/Debug-iphonesimulator/SonarDemo.app /Users/saleh/Desktop/SonarDemo/SonarDemo/Preview\ Content/Preview\ Assets.xcassets /Users/saleh/Desktop/SonarDemo/SonarDemo/Assets.xcassets (in target 'SonarDemo' from project 'SonarDemo')
    cd /Users/saleh/Desktop/SonarDemo
    /Applications/Xcode.app/Contents/Developer/usr/bin/actool --output-format human-readable-text --notices --warnings --export-dependency-info /Users/saleh/Library/Developer/Xcode/DerivedData/SonarDemo-ghxmzfhugimyqfffspckisqhfgve/Build/Intermediates.noindex/SonarDemo.build/Debug-iphonesimulator/SonarDemo.build/assetcatalog_dependencies --output-partial-info-plist /Users/saleh/Library/Developer/Xcode/DerivedData/SonarDemo-ghxmzfhugimyqfffspckisqhfgve/Build/Intermediates.noindex/SonarDemo.build/Debug-iphonesimulator/SonarDemo.build/assetcatalog_generated_info.plist --app-icon AppIcon --compress-pngs --enable-on-demand-resources YES --filter-for-device-model iPhone12,5 --filter-for-device-os-version 13.4 --sticker-pack-identifier-prefix com.SonarDemo.sticker-pack. --development-region en --target-device iphone --target-device ipad --minimum-deployment-target 13.4 --platform iphonesimulator --product-type com.apple.product-type.application --compile /Users/saleh/Library/Developer/Xcode/DerivedData/SonarDemo-ghxmzfhugimyqfffspckisqhfgve/Build/Products/Debug-iphonesimulator/SonarDemo.app /Users/saleh/Desktop/SonarDemo/SonarDemo/Preview\ Content/Preview\ Assets.xcassets /Users/saleh/Desktop/SonarDemo/SonarDemo/Assets.xcassets
/* com.apple.actool.compilation-results */
/Users/saleh/Library/Developer/Xcode/DerivedData/SonarDemo-ghxmzfhugimyqfffspckisqhfgve/Build/Intermediates.noindex/SonarDemo.build/Debug-iphonesimulator/SonarDemo.build/assetcatalog_generated_info.plist


CompileStoryboard /Users/saleh/Desktop/SonarDemo/SonarDemo/Base.lproj/LaunchScreen.storyboard (in target 'SonarDemo' from project 'SonarDemo')
    cd /Users/saleh/Desktop/SonarDemo
    export XCODE_DEVELOPER_USR_PATH=/Applications/Xcode.app/Contents/Developer/usr/bin/..
    /Applications/Xcode.app/Contents/Developer/usr/bin/ibtool --errors --warnings --notices --module SonarDemo --output-partial-info-plist /Users/saleh/Library/Developer/Xcode/DerivedData/SonarDemo-ghxmzfhugimyqfffspckisqhfgve/Build/Intermediates.noindex/SonarDemo.build/Debug-iphonesimulator/SonarDemo.build/Base.lproj/LaunchScreen-SBPartialInfo.plist --auto-activate-custom-fonts --target-device iphone --target-device ipad --minimum-deployment-target 13.4 --output-format human-readable-text --compilation-directory /Users/saleh/Library/Developer/Xcode/DerivedData/SonarDemo-ghxmzfhugimyqfffspckisqhfgve/Build/Intermediates.noindex/SonarDemo.build/Debug-iphonesimulator/SonarDemo.build/Base.lproj /Users/saleh/Desktop/SonarDemo/SonarDemo/Base.lproj/LaunchScreen.storyboard

LinkStoryboards (in target 'SonarDemo' from project 'SonarDemo')
    cd /Users/saleh/Desktop/SonarDemo
    export XCODE_DEVELOPER_USR_PATH=/Applications/Xcode.app/Contents/Developer/usr/bin/..
    /Applications/Xcode.app/Contents/Developer/usr/bin/ibtool --errors --warnings --notices --module SonarDemo --target-device iphone --target-device ipad --minimum-deployment-target 13.4 --output-format human-readable-text --link /Users/saleh/Library/Developer/Xcode/DerivedData/SonarDemo-ghxmzfhugimyqfffspckisqhfgve/Build/Products/Debug-iphonesimulator/SonarDemo.app /Users/saleh/Library/Developer/Xcode/DerivedData/SonarDemo-ghxmzfhugimyqfffspckisqhfgve/Build/Intermediates.noindex/SonarDemo.build/Debug-iphonesimulator/SonarDemo.build/Base.lproj/LaunchScreen.storyboardc

ProcessInfoPlistFile /Users/saleh/Library/Developer/Xcode/DerivedData/SonarDemo-ghxmzfhugimyqfffspckisqhfgve/Build/Products/Debug-iphonesimulator/SonarDemo.app/Info.plist /Users/saleh/Desktop/SonarDemo/SonarDemo/Info.plist (in target 'SonarDemo' from project 'SonarDemo')
    cd /Users/saleh/Desktop/SonarDemo
    builtin-infoPlistUtility /Users/saleh/Desktop/SonarDemo/SonarDemo/Info.plist -producttype com.apple.product-type.application -genpkginfo /Users/saleh/Library/Developer/Xcode/DerivedData/SonarDemo-ghxmzfhugimyqfffspckisqhfgve/Build/Products/Debug-iphonesimulator/SonarDemo.app/PkgInfo -expandbuildsettings -format binary -platform iphonesimulator -additionalcontentfile /Users/saleh/Library/Developer/Xcode/DerivedData/SonarDemo-ghxmzfhugimyqfffspckisqhfgve/Build/Intermediates.noindex/SonarDemo.build/Debug-iphonesimulator/SonarDemo.build/Base.lproj/LaunchScreen-SBPartialInfo.plist -additionalcontentfile /Users/saleh/Library/Developer/Xcode/DerivedData/SonarDemo-ghxmzfhugimyqfffspckisqhfgve/Build/Intermediates.noindex/SonarDemo.build/Debug-iphonesimulator/SonarDemo.build/assetcatalog_generated_info.plist -o /Users/saleh/Library/Developer/Xcode/DerivedData/SonarDemo-ghxmzfhugimyqfffspckisqhfgve/Build/Products/Debug-iphonesimulator/SonarDemo.app/Info.plist

CopySwiftLibs /Users/saleh/Library/Developer/Xcode/DerivedData/SonarDemo-ghxmzfhugimyqfffspckisqhfgve/Build/Products/Debug-iphonesimulator/SonarDemo.app (in target 'SonarDemo' from project 'SonarDemo')
    cd /Users/saleh/Desktop/SonarDemo
    export CODESIGN_ALLOCATE=/Applications/Xcode.app/Contents/Developer/Toolchains/XcodeDefault.xctoolchain/usr/bin/codesign_allocate
    export DEVELOPER_DIR=/Applications/Xcode.app/Contents/Developer
    export SDKROOT=/Applications/Xcode.app/Contents/Developer/Platforms/iPhoneSimulator.platform/Developer/SDKs/iPhoneSimulator13.4.sdk
    builtin-swiftStdLibTool --copy --verbose --sign - --scan-executable /Users/saleh/Library/Developer/Xcode/DerivedData/SonarDemo-ghxmzfhugimyqfffspckisqhfgve/Build/Products/Debug-iphonesimulator/SonarDemo.app/SonarDemo --scan-folder /Users/saleh/Library/Developer/Xcode/DerivedData/SonarDemo-ghxmzfhugimyqfffspckisqhfgve/Build/Products/Debug-iphonesimulator/SonarDemo.app/Frameworks --scan-folder /Users/saleh/Library/Developer/Xcode/DerivedData/SonarDemo-ghxmzfhugimyqfffspckisqhfgve/Build/Products/Debug-iphonesimulator/SonarDemo.app/PlugIns --scan-folder /Users/saleh/Library/Developer/Xcode/DerivedData/SonarDemo-ghxmzfhugimyqfffspckisqhfgve/Build/Products/Debug-iphonesimulator/Pods_SonarDemo.framework --platform iphonesimulator --toolchain /Applications/Xcode.app/Contents/Developer/Toolchains/XcodeDefault.xctoolchain --destination /Users/saleh/Library/Developer/Xcode/DerivedData/SonarDemo-ghxmzfhugimyqfffspckisqhfgve/Build/Products/Debug-iphonesimulator/SonarDemo.app/Frameworks --strip-bitcode --strip-bitcode-tool /Applications/Xcode.app/Contents/Developer/Toolchains/XcodeDefault.xctoolchain/usr/bin/bitcode_strip --emit-dependency-info /Users/saleh/Library/Developer/Xcode/DerivedData/SonarDemo-ghxmzfhugimyqfffspckisqhfgve/Build/Intermediates.noindex/SonarDemo.build/Debug-iphonesimulator/SonarDemo.build/SwiftStdLibToolInputDependencies.dep --filter-for-swift-os

CodeSign /Users/saleh/Library/Developer/Xcode/DerivedData/SonarDemo-ghxmzfhugimyqfffspckisqhfgve/Build/Products/Debug-iphonesimulator/SonarDemo.app (in target 'SonarDemo' from project 'SonarDemo')
    cd /Users/saleh/Desktop/SonarDemo
    export CODESIGN_ALLOCATE=/Applications/Xcode.app/Contents/Developer/Toolchains/XcodeDefault.xctoolchain/usr/bin/codesign_allocate
    
Signing Identity:     "-"

    /usr/bin/codesign --force --sign - --entitlements /Users/saleh/Library/Developer/Xcode/DerivedData/SonarDemo-ghxmzfhugimyqfffspckisqhfgve/Build/Intermediates.noindex/SonarDemo.build/Debug-iphonesimulator/SonarDemo.build/SonarDemo.app.xcent --timestamp=none /Users/saleh/Library/Developer/Xcode/DerivedData/SonarDemo-ghxmzfhugimyqfffspckisqhfgve/Build/Products/Debug-iphonesimulator/SonarDemo.app

RegisterExecutionPolicyException /Users/saleh/Library/Developer/Xcode/DerivedData/SonarDemo-ghxmzfhugimyqfffspckisqhfgve/Build/Products/Debug-iphonesimulator/SonarDemo.app (in target 'SonarDemo' from project 'SonarDemo')
    cd /Users/saleh/Desktop/SonarDemo
    builtin-RegisterExecutionPolicyException /Users/saleh/Library/Developer/Xcode/DerivedData/SonarDemo-ghxmzfhugimyqfffspckisqhfgve/Build/Products/Debug-iphonesimulator/SonarDemo.app
note: Execution policy exception registration failed and was skipped: Error Domain=NSPOSIXErrorDomain Code=1 "Operation not permitted" (in target 'SonarDemo' from project 'SonarDemo')

Touch /Users/saleh/Library/Developer/Xcode/DerivedData/SonarDemo-ghxmzfhugimyqfffspckisqhfgve/Build/Products/Debug-iphonesimulator/SonarDemo.app (in target 'SonarDemo' from project 'SonarDemo')
    cd /Users/saleh/Desktop/SonarDemo
    /usr/bin/touch -c /Users/saleh/Library/Developer/Xcode/DerivedData/SonarDemo-ghxmzfhugimyqfffspckisqhfgve/Build/Products/Debug-iphonesimulator/SonarDemo.app

** BUILD SUCCEEDED **

